<?xml version="1.0" encoding="UTF-8"?>
<!-- Generated by org.testng.reporters.JUnitXMLReporter -->
<testsuite hostname="DESKTOP-53SDACD" ignored="0" name="Booking Tickets" tests="2" failures="1" timestamp="10 Nov 2019 12:23:35 GMT" time="27.87" errors="0">
  <testcase name="demoTest" time="7.324" classname="driver.DriverDemo"/>
  <testcase name="demoTest" time="2.672" classname="driver.DriverDemo">
    <failure type="java.lang.AssertionError" message="Trip Type radio option- Object is not found">
      <![CDATA[java.lang.AssertionError: Trip Type radio option- Object is not found
at library.ValidationScripts.radSelection(ValidationScripts.java:75)
at driver.DriverDemo.demoTest(DriverDemo.java:46)
... Removed 26 stack frames]]>
    </failure>
  </testcase> <!-- demoTest -->
</testsuite> <!-- Booking Tickets -->
